生成启动时间为 2022/7/24 19:25:44。
     1>项目“E:\Source_Code\C++\vision_code\Com_vision\Com_vision\Com_vision.vcxproj”在节点 2 上(Build 个目标)。
     1>项目“E:\Source_Code\C++\vision_code\Com_vision\Com_vision\Com_vision.vcxproj”(1)正在节点 2 上生成“E:\Source_Code\C++\vision_code\Com_vision\Com_vision\Com_vision.vcxproj”(1:2) (Build 个目标)。
     1>ClCompile:
         D:\install\VS2015\VC\bin\x86_amd64\CL.exe /c /Ix64\Debug\uic /Ix64\Debug\moc /IC:\Qt\Qt5.9.4\5.9.4\msvc2015_64\include /IC:\Qt\Qt5.9.4\5.9.4\msvc2015_64\include\QtWidgets /IC:\Qt\Qt5.9.4\5.9.4\msvc2015_64\include\QtGui /IC:\Qt\Qt5.9.4\5.9.4\msvc2015_64\include\QtANGLE /IC:\Qt\Qt5.9.4\5.9.4\msvc2015_64\include\QtXml /IC:\Qt\Qt5.9.4\5.9.4\msvc2015_64\include\QtCore /I"C:\Qt\Qt5.9.4\5.9.4\msvc2015_64\mkspecs\win32-msvc" /Ix64\Debug\moc /Ix64\Debug\uic /Zi /nologo /W1 /WX- /MP /Od /D UNICODE /D _UNICODE /D WIN32 /D WIN64 /D QT_WIDGETS_LIB /D QT_GUI_LIB /D QT_XML_LIB /D QT_CORE_LIB /Gm- /EHsc /MDd /GS /fp:precise /Zc:wchar_t /Zc:forScope /Zc:inline /Fo"x64\Debug\\" /Fd"x64\Debug\vc140.pdb" /Gd /TP /errorReport:prompt CreateROIMode.cpp
         CreateROIMode.cpp
       Link:
         D:\install\VS2015\VC\bin\x86_amd64\link.exe /ERRORREPORT:PROMPT /OUT:"E:\Source_Code\C++\vision_code\Com_vision\x64\Debug\Com_vision.exe" /NOLOGO /LIBPATH:"D:\halcon18.11\lib\x64-win64" /LIBPATH:"D:\install\Halcon 2018\lib\x64-win64" /LIBPATH:C:\Qt\Qt5.9.4\5.9.4\msvc2015_64\lib /LIBPATH:C:\utils\my_sql\my_sql\lib /LIBPATH:C:\utils\postgresql\pgsql\lib halconcpp.lib halconcpp.lib C:\Qt\Qt5.9.4\5.9.4\msvc2015_64\lib\qtmaind.lib shell32.lib C:\Qt\Qt5.9.4\5.9.4\msvc2015_64\lib\Qt5Widgetsd.lib C:\Qt\Qt5.9.4\5.9.4\msvc2015_64\lib\Qt5Guid.lib C:\Qt\Qt5.9.4\5.9.4\msvc2015_64\lib\Qt5Xmld.lib C:\Qt\Qt5.9.4\5.9.4\msvc2015_64\lib\Qt5Cored.lib kernel32.lib user32.lib gdi32.lib winspool.lib comdlg32.lib advapi32.lib shell32.lib ole32.lib oleaut32.lib uuid.lib odbc32.lib odbccp32.lib /MANIFEST /MANIFESTUAC:"level='asInvoker' uiAccess='false'" /manifest:embed /Debug /PDB:"E:\Source_Code\C++\vision_code\Com_vision\x64\Debug\Com_vision.pdb" /SUBSYSTEM:WINDOWS /TLBID:1 /DYNAMICBASE /NXCOMPAT /IMPLIB:"E:\Source_Code\C++\vision_code\Com_vision\x64\Debug\Com_vision.lib" /MACHINE:X64 x64\Debug\CaptureImageMode.obj
         x64\Debug\CreateROIMode.obj
         x64\Debug\ViewWidgets.obj
         x64\Debug\MainWindow.obj
         x64\Debug\main.obj
         x64\Debug\qrc_MainWindow.obj
         x64\Debug\moc_MainWindow.obj
         x64\Debug\moc_ViewWidgets.obj
         x64\Debug\moc_CaptureImageMode.obj
         x64\Debug\moc_CreateROIMode.obj
         Com_vision.vcxproj -> E:\Source_Code\C++\vision_code\Com_vision\x64\Debug\Com_vision.exe
     1>已完成生成项目“E:\Source_Code\C++\vision_code\Com_vision\Com_vision\Com_vision.vcxproj”(Build 个目标)的操作。
     1>已完成生成项目“E:\Source_Code\C++\vision_code\Com_vision\Com_vision\Com_vision.vcxproj”(Build 个目标)的操作。

已成功生成。

已用时间 00:00:01.89
